********************************************************************************
* Unified simulation Tcl App stack trace dump
*
* File: .usf.tcl_error.log (Thu Sep 24 17:51:56 2020)
*
* This file is generated by the unified simulation automation and contains the
* tcl stack trace of error returned by the simulator App for the current run.
*
********************************************************************************
0
    while executing
"file exists $langfile"
    ("foreach" body line 6)
    invoked from within
"foreach p [mcpreferences] {
	if {$p eq {}} {
	    set p ROOT
	}
	set langfile [file join $langdir $p.msg]
	if {[file exists $langfile]} {
	    incr x
..."
    (procedure "mcload" line 8)
    invoked from within
"mcload $MsgDir"
    (procedure "EnterLocale" line 48)
    invoked from within
"EnterLocale $locale oldLocale"
    (procedure "ParseClockFormatFormat" line 9)
    invoked from within
"ParseClockFormatFormat $procName $format $locale"
    (procedure "::tcl::clock::format" line 31)
    invoked from within
"::tcl::clock::format 1600941116"
    ("uplevel" body line 1)
    invoked from within
"uplevel 1 [info level 0]"
    invoked from within
"return [uplevel 1 [info level 0]]"
    (procedure "::tcl::clock::format" line 1)
    invoked from within
"clock format [clock seconds]"
    (procedure "xcs_write_script_header" line 6)
    invoked from within
"xcs_write_script_header $fh_scr "compile" "xsim""
    (procedure "usf_xsim_write_compile_script" line 53)
    invoked from within
"usf_xsim_write_compile_script scr_filename"
    (procedure "tclapp::xilinx::xsim::compile" line 10)
    invoked from within
"tclapp::xilinx::xsim::compile { -simset sim_1 -mode behavioral -run_dir D:/Desktop/vga/vga.sim/sim_1/behav/xsim -int_os_type 64 -int_debug_mode 0 -int..."
